[2023-01-28 09:50:15] local.ERROR: SQLSTATE[HY000] [1045] Access denied for user 'root'@'127.0.0.1' (using password: NO) (SQL: select * from `setting` where `setting`.`id` = 1 limit 1) {"exception":"[object] (Illuminate\\Database\\QueryException(code: 1045): SQLSTATE[HY000] [1045] Access denied for user 'root'@'127.0.0.1' (using password: NO) (SQL: select * from `setting` where `setting`.`id` = 1 limit 1) at /home/u590727196/domains/appdhereye.com/public_html/vendor/laravel/framework/src/Illuminate/Database/Connection.php:664, PDOException(code: 1045): SQLSTATE[HY000] [1045] Access denied for user 'root'@'127.0.0.1' (using password: NO) at /home/u590727196/domains/appdhereye.com/public_html/vendor/laravel/framework/src/Illuminate/Database/Connectors/Connector.php:70)
[stacktrace]
#0 /home/u590727196/domains/appdhereye.com/public_html/vendor/laravel/framework/src/Illuminate/Database/Connection.php(624): Illuminate\\Database\\Connection->runQueryCallback('select * from `...', Array, Object(Closure))
#1 /home/u590727196/domains/appdhereye.com/public_html/vendor/laravel/framework/src/Illuminate/Database/Connection.php(333): Illuminate\\Database\\Connection->run('select * from `...', Array, Object(Closure))
#2 /home/u590727196/domains/appdhereye.com/public_html/vendor/laravel/framework/src/Illuminate/Database/Query/Builder.php(2130): Illuminate\\Database\\Connection->select('select * from `...', Array, true)
#3 /home/u590727196/domains/appdhereye.com/public_html/vendor/laravel/framework/src/Illuminate/Database/Query/Builder.php(2118): Illuminate\\Database\\Query\\Builder->runSelect()
#4 /home/u590727196/domains/appdhereye.com/public_html/vendor/laravel/framework/src/Illuminate/Database/Query/Builder.php(2604): Illuminate\\Database\\Query\\Builder->Illuminate\\Database\\Query\\{closure}()
#5 /home/u590727196/domains/appdhereye.com/public_html/vendor/laravel/framework/src/Illuminate/Database/Query/Builder.php(2119): Illuminate\\Database\\Query\\Builder->onceWithColumns(Array, Object(Closure))
#6 /home/u590727196/domains/appdhereye.com/public_html/vendor/laravel/framework/src/Illuminate/Database/Eloquent/Builder.php(521): Illuminate\\Database\\Query\\Builder->get(Array)
#7 /home/u590727196/domains/appdhereye.com/public_html/vendor/laravel/framework/src/Illuminate/Database/Eloquent/Builder.php(505): Illuminate\\Database\\Eloquent\\Builder->getModels(Array)
#8 /home/u590727196/domains/appdhereye.com/public_html/vendor/laravel/framework/src/Illuminate/Database/Concerns/BuildsQueries.php(77): Illuminate\\Database\\Eloquent\\Builder->get(Array)
#9 /home/u590727196/domains/appdhereye.com/public_html/vendor/laravel/framework/src/Illuminate/Database/Eloquent/Builder.php(329): Illuminate\\Database\\Eloquent\\Builder->first(Array)
#10 /home/u590727196/domains/appdhereye.com/public_html/vendor/laravel/framework/src/Illuminate/Support/Traits/ForwardsCalls.php(23): Illuminate\\Database\\Eloquent\\Builder->find(1)
#11 /home/u590727196/domains/appdhereye.com/public_html/vendor/laravel/framework/src/Illuminate/Database/Eloquent/Model.php(1618): Illuminate\\Database\\Eloquent\\Model->forwardCallTo(Object(Illuminate\\Database\\Eloquent\\Builder), 'find', Array)
#12 /home/u590727196/domains/appdhereye.com/public_html/vendor/laravel/framework/src/Illuminate/Database/Eloquent/Model.php(1630): Illuminate\\Database\\Eloquent\\Model->__call('find', Array)
#13 /home/u590727196/domains/appdhereye.com/public_html/app/Http/Controllers/frontController.php(34): Illuminate\\Database\\Eloquent\\Model::__callStatic('find', Array)
#14 [internal function]: App\\Http\\Controllers\\frontController->__construct()
#15 /home/u590727196/domains/appdhereye.com/public_html/vendor/laravel/framework/src/Illuminate/Container/Container.php(825): ReflectionClass->newInstanceArgs(Array)
#16 /home/u590727196/domains/appdhereye.com/public_html/vendor/laravel/framework/src/Illuminate/Container/Container.php(667): Illuminate\\Container\\Container->build('App\\\\Http\\\\Contro...')
#17 /home/u590727196/domains/appdhereye.com/public_html/vendor/laravel/framework/src/Illuminate/Container/Container.php(615): Illuminate\\Container\\Container->resolve('App\\\\Http\\\\Contro...', Array)
#18 /home/u590727196/domains/appdhereye.com/public_html/vendor/laravel/framework/src/Illuminate/Foundation/Application.php(767): Illuminate\\Container\\Container->make('App\\\\Http\\\\Contro...', Array)
#19 /home/u590727196/domains/appdhereye.com/public_html/vendor/laravel/framework/src/Illuminate/Routing/Route.php(233): Illuminate\\Foundation\\Application->make('App\\\\Http\\\\Contro...')
#20 /home/u590727196/domains/appdhereye.com/public_html/vendor/laravel/framework/src/Illuminate/Routing/Route.php(833): Illuminate\\Routing\\Route->getController()
#21 /home/u590727196/domains/appdhereye.com/public_html/vendor/laravel/framework/src/Illuminate/Routing/Route.php(794): Illuminate\\Routing\\Route->controllerMiddleware()
#22 /home/u590727196/domains/appdhereye.com/public_html/vendor/laravel/framework/src/Illuminate/Routing/Router.php(693): Illuminate\\Routing\\Route->gatherMiddleware()
#23 /home/u590727196/domains/appdhereye.com/public_html/vendor/laravel/framework/src/Illuminate/Routing/Router.php(673): Illuminate\\Routing\\Router->gatherRouteMiddleware(Object(Illuminate\\Routing\\Route))
#24 /home/u590727196/domains/appdhereye.com/public_html/vendor/laravel/framework/src/Illuminate/Routing/Router.php(657): Illuminate\\Routing\\Router->runRouteWithinStack(Object(Illuminate\\Routing\\Route), Object(Illuminate\\Http\\Request))
#25 /home/u590727196/domains/appdhereye.com/public_html/vendor/laravel/framework/src/Illuminate/Routing/Router.php(623): Illuminate\\Routing\\Router->runRoute(Object(Illuminate\\Http\\Request), Object(Illuminate\\Routing\\Route))
#26 /home/u590727196/domains/appdhereye.com/public_html/vendor/laravel/framework/src/Illuminate/Routing/Router.php(612): Illuminate\\Routing\\Router->dispatchToRoute(Object(Illuminate\\Http\\Request))
#27 /home/u590727196/domains/appdhereye.com/public_html/vendor/laravel/framework/src/Illuminate/Foundation/Http/Kernel.php(176): Illuminate\\Routing\\Router->dispatch(Object(Illuminate\\Http\\Request))
#28 /home/u590727196/domains/appdhereye.com/public_html/vendor/laravel/framework/src/Illuminate/Routing/Pipeline.php(30): Illuminate\\Foundation\\Http\\Kernel->Illuminate\\Foundation\\Http\\{closure}(Object(Illuminate\\Http\\Request))
#29 /home/u590727196/domains/appdhereye.com/public_html/vendor/fideloper/proxy/src/TrustProxies.php(57): Illuminate\\Routing\\Pipeline->Illuminate\\Routing\\{closure}(Object(Illuminate\\Http\\Request))
#30 /home/u590727196/domains/appdhereye.com/public_html/vendor/laravel/framework/src/Illuminate/Pipeline/Pipeline.php(163): Fideloper\\Proxy\\TrustProxies->handle(Object(Illuminate\\Http\\Request), Object(Closure))
#31 /home/u590727196/domains/appdhereye.com/public_html/vendor/laravel/framework/src/Illuminate/Routing/Pipeline.php(53): Illuminate\\Pipeline\\Pipeline->Illuminate\\Pipeline\\{closure}(Object(Illuminate\\Http\\Request))
#32 /home/u590727196/domains/appdhereye.com/public_html/vendor/laravel/framework/src/Illuminate/Foundation/Http/Middleware/TransformsRequest.php(21): Illuminate\\Routing\\Pipeline->Illuminate\\Routing\\{closure}(Object(Illuminate\\Http\\Request))
#33 /home/u590727196/domains/appdhereye.com/public_html/vendor/laravel/framework/src/Illuminate/Pipeline/Pipeline.php(163): Illuminate\\Foundation\\Http\\Middleware\\TransformsRequest->handle(Object(Illuminate\\Http\\Request), Object(Closure))
#34 /home/u590727196/domains/appdhereye.com/public_html/vendor/laravel/framework/src/Illuminate/Routing/Pipeline.php(53): Illuminate\\Pipeline\\Pipeline->Illuminate\\Pipeline\\{closure}(Object(Illuminate\\Http\\Request))
#35 /home/u590727196/domains/appdhereye.com/public_html/vendor/laravel/framework/src/Illuminate/Foundation/Http/Middleware/TransformsRequest.php(21): Illuminate\\Routing\\Pipeline->Illuminate\\Routing\\{closure}(Object(Illuminate\\Http\\Request))
#36 /home/u590727196/domains/appdhereye.com/public_html/vendor/laravel/framework/src/Illuminate/Pipeline/Pipeline.php(163): Illuminate\\Foundation\\Http\\Middleware\\TransformsRequest->handle(Object(Illuminate\\Http\\Request), Object(Closure))
#37 /home/u590727196/domains/appdhereye.com/public_html/vendor/laravel/framework/src/Illuminate/Routing/Pipeline.php(53): Illuminate\\Pipeline\\Pipeline->Illuminate\\Pipeline\\{closure}(Object(Illuminate\\Http\\Request))
#38 /home/u590727196/domains/appdhereye.com/public_html/vendor/laravel/framework/src/Illuminate/Foundation/Http/Middleware/ValidatePostSize.php(27): Illuminate\\Routing\\Pipeline->Illuminate\\Routing\\{closure}(Object(Illuminate\\Http\\Request))
#39 /home/u590727196/domains/appdhereye.com/public_html/vendor/laravel/framework/src/Illuminate/Pipeline/Pipeline.php(163): Illuminate\\Foundation\\Http\\Middleware\\ValidatePostSize->handle(Object(Illuminate\\Http\\Request), Object(Closure))
#40 /home/u590727196/domains/appdhereye.com/public_html/vendor/laravel/framework/src/Illuminate/Routing/Pipeline.php(53): Illuminate\\Pipeline\\Pipeline->Illuminate\\Pipeline\\{closure}(Object(Illuminate\\Http\\Request))
#41 /home/u590727196/domains/appdhereye.com/public_html/vendor/laravel/framework/src/Illuminate/Foundation/Http/Middleware/CheckForMaintenanceMode.php(62): Illuminate\\Routing\\Pipeline->Illuminate\\Routing\\{closure}(Object(Illuminate\\Http\\Request))
#42 /home/u590727196/domains/appdhereye.com/public_html/vendor/laravel/framework/src/Illuminate/Pipeline/Pipeline.php(163): Illuminate\\Foundation\\Http\\Middleware\\CheckForMaintenanceMode->handle(Object(Illuminate\\Http\\Request), Object(Closure))
#43 /home/u590727196/domains/appdhereye.com/public_html/vendor/laravel/framework/src/Illuminate/Routing/Pipeline.php(53): Illuminate\\Pipeline\\Pipeline->Illuminate\\Pipeline\\{closure}(Object(Illuminate\\Http\\Request))
#44 /home/u590727196/domains/appdhereye.com/public_html/vendor/laravel/framework/src/Illuminate/Pipeline/Pipeline.php(104): Illuminate\\Routing\\Pipeline->Illuminate\\Routing\\{closure}(Object(Illuminate\\Http\\Request))
#45 /home/u590727196/domains/appdhereye.com/public_html/vendor/laravel/framework/src/Illuminate/Foundation/Http/Kernel.php(151): Illuminate\\Pipeline\\Pipeline->then(Object(Closure))
#46 /home/u590727196/domains/appdhereye.com/public_html/vendor/laravel/framework/src/Illuminate/Foundation/Http/Kernel.php(116): Illuminate\\Foundation\\Http\\Kernel->sendRequestThroughRouter(Object(Illuminate\\Http\\Request))
#47 /home/u590727196/domains/appdhereye.com/public_html/public/index.php(55): Illuminate\\Foundation\\Http\\Kernel->handle(Object(Illuminate\\Http\\Request))
#48 /home/u590727196/domains/appdhereye.com/public_html/index.php(22): require_once('/home/u59072719...')
#49 {main}
"} 
[2023-01-28 09:50:16] local.ERROR: SQLSTATE[HY000] [1045] Access denied for user 'root'@'127.0.0.1' (using password: NO) (SQL: select * from `setting` where `setting`.`id` = 1 limit 1) {"exception":"[object] (Illuminate\\Database\\QueryException(code: 1045): SQLSTATE[HY000] [1045] Access denied for user 'root'@'127.0.0.1' (using password: NO) (SQL: select * from `setting` where `setting`.`id` = 1 limit 1) at /home/u590727196/domains/appdhereye.com/public_html/vendor/laravel/framework/src/Illuminate/Database/Connection.php:664, PDOException(code: 1045): SQLSTATE[HY000] [1045] Access denied for user 'root'@'127.0.0.1' (using password: NO) at /home/u590727196/domains/appdhereye.com/public_html/vendor/laravel/framework/src/Illuminate/Database/Connectors/Connector.php:70)
[stacktrace]
#0 /home/u590727196/domains/appdhereye.com/public_html/vendor/laravel/framework/src/Illuminate/Database/Connection.php(624): Illuminate\\Database\\Connection->runQueryCallback('select * from `...', Array, Object(Closure))
#1 /home/u590727196/domains/appdhereye.com/public_html/vendor/laravel/framework/src/Illuminate/Database/Connection.php(333): Illuminate\\Database\\Connection->run('select * from `...', Array, Object(Closure))
#2 /home/u590727196/domains/appdhereye.com/public_html/vendor/laravel/framework/src/Illuminate/Database/Query/Builder.php(2130): Illuminate\\Database\\Connection->select('select * from `...', Array, true)
#3 /home/u590727196/domains/appdhereye.com/public_html/vendor/laravel/framework/src/Illuminate/Database/Query/Builder.php(2118): Illuminate\\Database\\Query\\Builder->runSelect()
#4 /home/u590727196/domains/appdhereye.com/public_html/vendor/laravel/framework/src/Illuminate/Database/Query/Builder.php(2604): Illuminate\\Database\\Query\\Builder->Illuminate\\Database\\Query\\{closure}()
#5 /home/u590727196/domains/appdhereye.com/public_html/vendor/laravel/framework/src/Illuminate/Database/Query/Builder.php(2119): Illuminate\\Database\\Query\\Builder->onceWithColumns(Array, Object(Closure))
#6 /home/u590727196/domains/appdhereye.com/public_html/vendor/laravel/framework/src/Illuminate/Database/Eloquent/Builder.php(521): Illuminate\\Database\\Query\\Builder->get(Array)
#7 /home/u590727196/domains/appdhereye.com/public_html/vendor/laravel/framework/src/Illuminate/Database/Eloquent/Builder.php(505): Illuminate\\Database\\Eloquent\\Builder->getModels(Array)
#8 /home/u590727196/domains/appdhereye.com/public_html/vendor/laravel/framework/src/Illuminate/Database/Concerns/BuildsQueries.php(77): Illuminate\\Database\\Eloquent\\Builder->get(Array)
#9 /home/u590727196/domains/appdhereye.com/public_html/vendor/laravel/framework/src/Illuminate/Database/Eloquent/Builder.php(329): Illuminate\\Database\\Eloquent\\Builder->first(Array)
#10 /home/u590727196/domains/appdhereye.com/public_html/vendor/laravel/framework/src/Illuminate/Support/Traits/ForwardsCalls.php(23): Illuminate\\Database\\Eloquent\\Builder->find(1)
#11 /home/u590727196/domains/appdhereye.com/public_html/vendor/laravel/framework/src/Illuminate/Database/Eloquent/Model.php(1618): Illuminate\\Database\\Eloquent\\Model->forwardCallTo(Object(Illuminate\\Database\\Eloquent\\Builder), 'find', Array)
#12 /home/u590727196/domains/appdhereye.com/public_html/vendor/laravel/framework/src/Illuminate/Database/Eloquent/Model.php(1630): Illuminate\\Database\\Eloquent\\Model->__call('find', Array)
#13 /home/u590727196/domains/appdhereye.com/public_html/app/Http/Controllers/frontController.php(34): Illuminate\\Database\\Eloquent\\Model::__callStatic('find', Array)
#14 [internal function]: App\\Http\\Controllers\\frontController->__construct()
#15 /home/u590727196/domains/appdhereye.com/public_html/vendor/laravel/framework/src/Illuminate/Container/Container.php(825): ReflectionClass->newInstanceArgs(Array)
#16 /home/u590727196/domains/appdhereye.com/public_html/vendor/laravel/framework/src/Illuminate/Container/Container.php(667): Illuminate\\Container\\Container->build('App\\\\Http\\\\Contro...')
#17 /home/u590727196/domains/appdhereye.com/public_html/vendor/laravel/framework/src/Illuminate/Container/Container.php(615): Illuminate\\Container\\Container->resolve('App\\\\Http\\\\Contro...', Array)
#18 /home/u590727196/domains/appdhereye.com/public_html/vendor/laravel/framework/src/Illuminate/Foundation/Application.php(767): Illuminate\\Container\\Container->make('App\\\\Http\\\\Contro...', Array)
#19 /home/u590727196/domains/appdhereye.com/public_html/vendor/laravel/framework/src/Illuminate/Routing/Route.php(233): Illuminate\\Foundation\\Application->make('App\\\\Http\\\\Contro...')
#20 /home/u590727196/domains/appdhereye.com/public_html/vendor/laravel/framework/src/Illuminate/Routing/Route.php(833): Illuminate\\Routing\\Route->getController()
#21 /home/u590727196/domains/appdhereye.com/public_html/vendor/laravel/framework/src/Illuminate/Routing/Route.php(794): Illuminate\\Routing\\Route->controllerMiddleware()
#22 /home/u590727196/domains/appdhereye.com/public_html/vendor/laravel/framework/src/Illuminate/Routing/Router.php(693): Illuminate\\Routing\\Route->gatherMiddleware()
#23 /home/u590727196/domains/appdhereye.com/public_html/vendor/laravel/framework/src/Illuminate/Routing/Router.php(673): Illuminate\\Routing\\Router->gatherRouteMiddleware(Object(Illuminate\\Routing\\Route))
#24 /home/u590727196/domains/appdhereye.com/public_html/vendor/laravel/framework/src/Illuminate/Routing/Router.php(657): Illuminate\\Routing\\Router->runRouteWithinStack(Object(Illuminate\\Routing\\Route), Object(Illuminate\\Http\\Request))
#25 /home/u590727196/domains/appdhereye.com/public_html/vendor/laravel/framework/src/Illuminate/Routing/Router.php(623): Illuminate\\Routing\\Router->runRoute(Object(Illuminate\\Http\\Request), Object(Illuminate\\Routing\\Route))
#26 /home/u590727196/domains/appdhereye.com/public_html/vendor/laravel/framework/src/Illuminate/Routing/Router.php(612): Illuminate\\Routing\\Router->dispatchToRoute(Object(Illuminate\\Http\\Request))
#27 /home/u590727196/domains/appdhereye.com/public_html/vendor/laravel/framework/src/Illuminate/Foundation/Http/Kernel.php(176): Illuminate\\Routing\\Router->dispatch(Object(Illuminate\\Http\\Request))
#28 /home/u590727196/domains/appdhereye.com/public_html/vendor/laravel/framework/src/Illuminate/Routing/Pipeline.php(30): Illuminate\\Foundation\\Http\\Kernel->Illuminate\\Foundation\\Http\\{closure}(Object(Illuminate\\Http\\Request))
#29 /home/u590727196/domains/appdhereye.com/public_html/vendor/fideloper/proxy/src/TrustProxies.php(57): Illuminate\\Routing\\Pipeline->Illuminate\\Routing\\{closure}(Object(Illuminate\\Http\\Request))
#30 /home/u590727196/domains/appdhereye.com/public_html/vendor/laravel/framework/src/Illuminate/Pipeline/Pipeline.php(163): Fideloper\\Proxy\\TrustProxies->handle(Object(Illuminate\\Http\\Request), Object(Closure))
#31 /home/u590727196/domains/appdhereye.com/public_html/vendor/laravel/framework/src/Illuminate/Routing/Pipeline.php(53): Illuminate\\Pipeline\\Pipeline->Illuminate\\Pipeline\\{closure}(Object(Illuminate\\Http\\Request))
#32 /home/u590727196/domains/appdhereye.com/public_html/vendor/laravel/framework/src/Illuminate/Foundation/Http/Middleware/TransformsRequest.php(21): Illuminate\\Routing\\Pipeline->Illuminate\\Routing\\{closure}(Object(Illuminate\\Http\\Request))
#33 /home/u590727196/domains/appdhereye.com/public_html/vendor/laravel/framework/src/Illuminate/Pipeline/Pipeline.php(163): Illuminate\\Foundation\\Http\\Middleware\\TransformsRequest->handle(Object(Illuminate\\Http\\Request), Object(Closure))
#34 /home/u590727196/domains/appdhereye.com/public_html/vendor/laravel/framework/src/Illuminate/Routing/Pipeline.php(53): Illuminate\\Pipeline\\Pipeline->Illuminate\\Pipeline\\{closure}(Object(Illuminate\\Http\\Request))
#35 /home/u590727196/domains/appdhereye.com/public_html/vendor/laravel/framework/src/Illuminate/Foundation/Http/Middleware/TransformsRequest.php(21): Illuminate\\Routing\\Pipeline->Illuminate\\Routing\\{closure}(Object(Illuminate\\Http\\Request))
#36 /home/u590727196/domains/appdhereye.com/public_html/vendor/laravel/framework/src/Illuminate/Pipeline/Pipeline.php(163): Illuminate\\Foundation\\Http\\Middleware\\TransformsRequest->handle(Object(Illuminate\\Http\\Request), Object(Closure))
#37 /home/u590727196/domains/appdhereye.com/public_html/vendor/laravel/framework/src/Illuminate/Routing/Pipeline.php(53): Illuminate\\Pipeline\\Pipeline->Illuminate\\Pipeline\\{closure}(Object(Illuminate\\Http\\Request))
#38 /home/u590727196/domains/appdhereye.com/public_html/vendor/laravel/framework/src/Illuminate/Foundation/Http/Middleware/ValidatePostSize.php(27): Illuminate\\Routing\\Pipeline->Illuminate\\Routing\\{closure}(Object(Illuminate\\Http\\Request))
#39 /home/u590727196/domains/appdhereye.com/public_html/vendor/laravel/framework/src/Illuminate/Pipeline/Pipeline.php(163): Illuminate\\Foundation\\Http\\Middleware\\ValidatePostSize->handle(Object(Illuminate\\Http\\Request), Object(Closure))
#40 /home/u590727196/domains/appdhereye.com/public_html/vendor/laravel/framework/src/Illuminate/Routing/Pipeline.php(53): Illuminate\\Pipeline\\Pipeline->Illuminate\\Pipeline\\{closure}(Object(Illuminate\\Http\\Request))
#41 /home/u590727196/domains/appdhereye.com/public_html/vendor/laravel/framework/src/Illuminate/Foundation/Http/Middleware/CheckForMaintenanceMode.php(62): Illuminate\\Routing\\Pipeline->Illuminate\\Routing\\{closure}(Object(Illuminate\\Http\\Request))
#42 /home/u590727196/domains/appdhereye.com/public_html/vendor/laravel/framework/src/Illuminate/Pipeline/Pipeline.php(163): Illuminate\\Foundation\\Http\\Middleware\\CheckForMaintenanceMode->handle(Object(Illuminate\\Http\\Request), Object(Closure))
#43 /home/u590727196/domains/appdhereye.com/public_html/vendor/laravel/framework/src/Illuminate/Routing/Pipeline.php(53): Illuminate\\Pipeline\\Pipeline->Illuminate\\Pipeline\\{closure}(Object(Illuminate\\Http\\Request))
#44 /home/u590727196/domains/appdhereye.com/public_html/vendor/laravel/framework/src/Illuminate/Pipeline/Pipeline.php(104): Illuminate\\Routing\\Pipeline->Illuminate\\Routing\\{closure}(Object(Illuminate\\Http\\Request))
#45 /home/u590727196/domains/appdhereye.com/public_html/vendor/laravel/framework/src/Illuminate/Foundation/Http/Kernel.php(151): Illuminate\\Pipeline\\Pipeline->then(Object(Closure))
#46 /home/u590727196/domains/appdhereye.com/public_html/vendor/laravel/framework/src/Illuminate/Foundation/Http/Kernel.php(116): Illuminate\\Foundation\\Http\\Kernel->sendRequestThroughRouter(Object(Illuminate\\Http\\Request))
#47 /home/u590727196/domains/appdhereye.com/public_html/public/index.php(55): Illuminate\\Foundation\\Http\\Kernel->handle(Object(Illuminate\\Http\\Request))
#48 /home/u590727196/domains/appdhereye.com/public_html/index.php(22): require_once('/home/u59072719...')
#49 {main}
"} 
[2023-01-28 09:50:49] local.ERROR: Unable to prepare route [api/locale/{locale}] for serialization. Uses Closure. {"exception":"[object] (LogicException(code: 0): Unable to prepare route [api/locale/{locale}] for serialization. Uses Closure. at /home/u590727196/domains/appdhereye.com/public_html/vendor/laravel/framework/src/Illuminate/Routing/Route.php:917)
[stacktrace]
#0 /home/u590727196/domains/appdhereye.com/public_html/vendor/laravel/framework/src/Illuminate/Foundation/Console/RouteCacheCommand.php(62): Illuminate\\Routing\\Route->prepareForSerialization()
#1 [internal function]: Illuminate\\Foundation\\Console\\RouteCacheCommand->handle()
#2 /home/u590727196/domains/appdhereye.com/public_html/vendor/laravel/framework/src/Illuminate/Container/BoundMethod.php(32): call_user_func_array(Array, Array)
#3 /home/u590727196/domains/appdhereye.com/public_html/vendor/laravel/framework/src/Illuminate/Container/BoundMethod.php(90): Illuminate\\Container\\BoundMethod::Illuminate\\Container\\{closure}()
#4 /home/u590727196/domains/appdhereye.com/public_html/vendor/laravel/framework/src/Illuminate/Container/BoundMethod.php(34): Illuminate\\Container\\BoundMethod::callBoundMethod(Object(Illuminate\\Foundation\\Application), Array, Object(Closure))
#5 /home/u590727196/domains/appdhereye.com/public_html/vendor/laravel/framework/src/Illuminate/Container/Container.php(576): Illuminate\\Container\\BoundMethod::call(Object(Illuminate\\Foundation\\Application), Array, Array, NULL)
#6 /home/u590727196/domains/appdhereye.com/public_html/vendor/laravel/framework/src/Illuminate/Console/Command.php(183): Illuminate\\Container\\Container->call(Array)
#7 /home/u590727196/domains/appdhereye.com/public_html/vendor/symfony/console/Command/Command.php(255): Illuminate\\Console\\Command->execute(Object(Symfony\\Component\\Console\\Input\\ArrayInput), Object(Illuminate\\Console\\OutputStyle))
#8 /home/u590727196/domains/appdhereye.com/public_html/vendor/laravel/framework/src/Illuminate/Console/Command.php(170): Symfony\\Component\\Console\\Command\\Command->run(Object(Symfony\\Component\\Console\\Input\\ArrayInput), Object(Illuminate\\Console\\OutputStyle))
#9 /home/u590727196/domains/appdhereye.com/public_html/vendor/laravel/framework/src/Illuminate/Console/Command.php(198): Illuminate\\Console\\Command->run(Object(Symfony\\Component\\Console\\Input\\ArrayInput), Object(Illuminate\\Console\\OutputStyle))
#10 /home/u590727196/domains/appdhereye.com/public_html/vendor/laravel/framework/src/Illuminate/Foundation/Console/OptimizeCommand.php(31): Illuminate\\Console\\Command->call('route:cache')
#11 [internal function]: Illuminate\\Foundation\\Console\\OptimizeCommand->handle()
#12 /home/u590727196/domains/appdhereye.com/public_html/vendor/laravel/framework/src/Illuminate/Container/BoundMethod.php(32): call_user_func_array(Array, Array)
#13 /home/u590727196/domains/appdhereye.com/public_html/vendor/laravel/framework/src/Illuminate/Container/BoundMethod.php(90): Illuminate\\Container\\BoundMethod::Illuminate\\Container\\{closure}()
#14 /home/u590727196/domains/appdhereye.com/public_html/vendor/laravel/framework/src/Illuminate/Container/BoundMethod.php(34): Illuminate\\Container\\BoundMethod::callBoundMethod(Object(Illuminate\\Foundation\\Application), Array, Object(Closure))
#15 /home/u590727196/domains/appdhereye.com/public_html/vendor/laravel/framework/src/Illuminate/Container/Container.php(576): Illuminate\\Container\\BoundMethod::call(Object(Illuminate\\Foundation\\Application), Array, Array, NULL)
#16 /home/u590727196/domains/appdhereye.com/public_html/vendor/laravel/framework/src/Illuminate/Console/Command.php(183): Illuminate\\Container\\Container->call(Array)
#17 /home/u590727196/domains/appdhereye.com/public_html/vendor/symfony/console/Command/Command.php(255): Illuminate\\Console\\Command->execute(Object(Symfony\\Component\\Console\\Input\\ArgvInput), Object(Illuminate\\Console\\OutputStyle))
#18 /home/u590727196/domains/appdhereye.com/public_html/vendor/laravel/framework/src/Illuminate/Console/Command.php(170): Symfony\\Component\\Console\\Command\\Command->run(Object(Symfony\\Component\\Console\\Input\\ArgvInput), Object(Illuminate\\Console\\OutputStyle))
#19 /home/u590727196/domains/appdhereye.com/public_html/vendor/symfony/console/Application.php(934): Illuminate\\Console\\Command->run(Object(Symfony\\Component\\Console\\Input\\ArgvInput), Object(Symfony\\Component\\Console\\Output\\ConsoleOutput))
#20 /home/u590727196/domains/appdhereye.com/public_html/vendor/symfony/console/Application.php(273): Symfony\\Component\\Console\\Application->doRunCommand(Object(Illuminate\\Foundation\\Console\\OptimizeCommand), Object(Symfony\\Component\\Console\\Input\\ArgvInput), Object(Symfony\\Component\\Console\\Output\\ConsoleOutput))
#21 /home/u590727196/domains/appdhereye.com/public_html/vendor/symfony/console/Application.php(149): Symfony\\Component\\Console\\Application->doRun(Object(Symfony\\Component\\Console\\Input\\ArgvInput), Object(Symfony\\Component\\Console\\Output\\ConsoleOutput))
#22 /home/u590727196/domains/appdhereye.com/public_html/vendor/laravel/framework/src/Illuminate/Console/Application.php(90): Symfony\\Component\\Console\\Application->run(Object(Symfony\\Component\\Console\\Input\\ArgvInput), Object(Symfony\\Component\\Console\\Output\\ConsoleOutput))
#23 /home/u590727196/domains/appdhereye.com/public_html/vendor/laravel/framework/src/Illuminate/Foundation/Console/Kernel.php(133): Illuminate\\Console\\Application->run(Object(Symfony\\Component\\Console\\Input\\ArgvInput), Object(Symfony\\Component\\Console\\Output\\ConsoleOutput))
#24 /home/u590727196/domains/appdhereye.com/public_html/artisan(37): Illuminate\\Foundation\\Console\\Kernel->handle(Object(Symfony\\Component\\Console\\Input\\ArgvInput), Object(Symfony\\Component\\Console\\Output\\ConsoleOutput))
#25 {main}
"} 
